[ 2023-08-23 01:22:49,656 ] 25 root - INFO - Data Ingestion started
[ 2023-08-23 01:22:49,786 ] 26 root - INFO - exporting data from mongodb to feature store
[ 2023-08-23 01:22:52,982 ] 36 root - INFO - Exportig Done
[ 2023-08-23 01:22:53,047 ] 50 root - INFO - Performed train test split on the dataframe
[ 2023-08-23 01:22:53,048 ] 52 root - INFO - Exited split_data_as_train_test method of Data_Ingestion class
[ 2023-08-23 01:22:53,050 ] 59 root - INFO - Exporting train test split file path.
[ 2023-08-23 01:22:54,315 ] 68 root - INFO - Exported data as train test
[ 2023-08-23 01:22:54,323 ] 28 root - INFO - Data Ingestion completed and artifact: DataIngestionArtifact(trained_file_path='artifact\\08_23_2023_01_22_40\\data_ingestion\\ingested\\train.csv', test_file_path='artifact\\08_23_2023_01_22_40\\data_ingestion\\ingested\\test.csv')
[ 2023-08-23 01:22:54,802 ] 47 root - INFO - Missing numerical columns:[[]]
[ 2023-08-23 01:22:54,803 ] 47 root - INFO - Missing numerical columns:[[]]
[ 2023-08-23 01:22:55,659 ] 136 root - INFO - Data validation artifact: DataValidationArtifact(validation_status=False, valid_train_file_path='artifact\\08_23_2023_01_22_40\\data_ingestion\\ingested\\train.csv', valid_test_file_path='artifact\\08_23_2023_01_22_40\\data_ingestion\\ingested\\test.csv', invalid_train_file_path=None, invalid_test_file_path=None, drift_report_file_path='artifact\\08_23_2023_01_22_40\\data_validation\\drift_report\\report.yaml')
[ 2023-08-23 01:22:57,844 ] 57 root - INFO - Entered the save_object method of MainUtils class
[ 2023-08-23 01:22:57,859 ] 61 root - INFO - Exited the save_object method of MainUtils class
[ 2023-08-23 01:22:57,860 ] 86 root - INFO - Data transformation artifact:DataTransformationArtifact(transformed_object_file_path='artifact\\08_23_2023_01_22_40\\data_transformation\\transformed_object\\preprocessing.pkl', transformed_train_file_path='artifact\\08_23_2023_01_22_40\\data_transformation\\transformed\\train.npy', transformed_test_file_path='artifact\\08_23_2023_01_22_40\\data_transformation\\data_transformation\\test.npy')
[ 2023-08-23 01:22:57,870 ] 90 root - INFO - transformation done
[ 2023-08-23 01:23:10,898 ] 57 root - INFO - Entered the save_object method of MainUtils class
[ 2023-08-23 01:23:10,927 ] 61 root - INFO - Exited the save_object method of MainUtils class
[ 2023-08-23 01:23:10,927 ] 78 root - INFO - Model Trainer Artifacts:{model_trainer_artifact}
[ 2023-08-23 01:23:10,930 ] 92 root - INFO - trainer done
[ 2023-08-23 01:23:11,736 ] 181 root - INFO - Model evaluation artifact: ModelEvaluationArtifact(is_model_accepted=False, improved_accuracy=0.010893326455923114, best_model_path='saved_models\\1692733932\\model.pkl', trained_model_path='artifact\\08_23_2023_01_22_40\\model_trainer\\trained_model\\model.pkl', trained_model_metric_artifact=ClassificationMetricArtifact(f1_score=0.9796747967479675, precision_score=0.9776876267748479, recall_score=0.9816700610997964), best_model_metric_artifact=ClassificationMetricArtifact(f1_score=0.9687814702920444, precision_score=0.9581673306772909, recall_score=0.9796334012219959))
[ 2023-08-23 01:23:11,741 ] 94 root - INFO - evaluation done
[ 2023-08-23 01:23:11,741 ] 97 root - INFO - pusher started
[ 2023-08-23 01:23:11,742 ] 97 root - INFO - model file path:artifact\08_23_2023_01_22_40\model_pusher\model.pkl
